<?xml version="1.0" encoding="UTF-8"?>
<!-- Generated by org.testng.reporters.JUnitReportReporter -->
<testsuite skipped="0" hostname="GEPPARLA-IN" name="assignments.testsuites.PriceComparisionSuite_1" tests="1" failures="0" timestamp="11 Feb 2020 16:35:46 GMT" time="19.291" errors="0">
  <testcase name="priceCompareTest" time="19.291" classname="assignments.testsuites.PriceComparisionSuite_1"/>
</testsuite> <!-- assignments.testsuites.PriceComparisionSuite_1 -->
