<?xml version="1.0" encoding="UTF-8"?>
<!-- Generated by org.testng.reporters.JUnitReportReporter -->
<testsuite skipped="0" hostname="GEPPARLA-IN" name="assignments.testsuites.PriceComparsionSuite_1" tests="1" failures="0" timestamp="11 Feb 2020 15:20:16 GMT" time="17.328" errors="0">
  <testcase name="priceCompareTest" time="17.328" classname="assignments.testsuites.PriceComparsionSuite_1"/>
</testsuite> <!-- assignments.testsuites.PriceComparsionSuite_1 -->
